[Mon May 20 2019 11:54:26 GMT+0800 (CST)] Starting Nest application...
[Mon May 20 2019 11:54:27 GMT+0800 (CST)] JwtModule dependencies initialized
[Mon May 20 2019 11:54:27 GMT+0800 (CST)] PassportModule dependencies initialized
[Mon May 20 2019 11:54:27 GMT+0800 (CST)] TypeOrmModule dependencies initialized
[Mon May 20 2019 11:54:27 GMT+0800 (CST)] TypeOrmCoreModule dependencies initialized
[Mon May 20 2019 11:54:27 GMT+0800 (CST)] TypeOrmModule dependencies initialized
[Mon May 20 2019 11:54:27 GMT+0800 (CST)] AppModule dependencies initialized
[Mon May 20 2019 11:54:27 GMT+0800 (CST)] AppController {/}:
[Mon May 20 2019 11:54:27 GMT+0800 (CST)] UsersController {/users}:
[Mon May 20 2019 11:54:27 GMT+0800 (CST)] Mapped {/, GET} route
[Mon May 20 2019 11:54:27 GMT+0800 (CST)] AuthController {/auth}:
[Mon May 20 2019 11:54:27 GMT+0800 (CST)] Mapped {/register, POST} route
[Mon May 20 2019 11:54:27 GMT+0800 (CST)] Mapped {/upload, POST} route
[Mon May 20 2019 11:54:27 GMT+0800 (CST)] Nest application successfully started
[Mon May 20 2019 11:54:27 GMT+0800 (CST)] AuthModule dependencies initialized
[Mon May 20 2019 11:54:27 GMT+0800 (CST)] Mapped {/, GET} route
[Mon May 20 2019 11:54:27 GMT+0800 (CST)] UsersModule dependencies initialized
[Mon May 20 2019 11:56:09 GMT+0800 (CST)] Starting Nest application...
[Mon May 20 2019 11:56:09 GMT+0800 (CST)] TypeOrmModule dependencies initialized
[Mon May 20 2019 11:56:09 GMT+0800 (CST)] PassportModule dependencies initialized
[Mon May 20 2019 11:56:09 GMT+0800 (CST)] JwtModule dependencies initialized
[Mon May 20 2019 11:56:09 GMT+0800 (CST)] TypeOrmCoreModule dependencies initialized
[Mon May 20 2019 11:56:09 GMT+0800 (CST)] TypeOrmModule dependencies initialized
[Mon May 20 2019 11:56:09 GMT+0800 (CST)] AppModule dependencies initialized
[Mon May 20 2019 11:56:09 GMT+0800 (CST)] UsersModule dependencies initialized
[Mon May 20 2019 11:56:09 GMT+0800 (CST)] AuthModule dependencies initialized
[Mon May 20 2019 11:56:09 GMT+0800 (CST)] AppController {/}:
[Mon May 20 2019 11:56:09 GMT+0800 (CST)] UsersController {/users}:
[Mon May 20 2019 11:56:09 GMT+0800 (CST)] Mapped {/, GET} route
[Mon May 20 2019 11:56:09 GMT+0800 (CST)] Mapped {/, GET} route
[Mon May 20 2019 11:56:09 GMT+0800 (CST)] AuthController {/auth}:
[Mon May 20 2019 11:56:09 GMT+0800 (CST)] Mapped {/register, POST} route
[Mon May 20 2019 11:56:09 GMT+0800 (CST)] Mapped {/upload, POST} route
[Mon May 20 2019 11:56:09 GMT+0800 (CST)] Nest application successfully started
[Mon May 20 2019 11:56:22 GMT+0800 (CST)] Starting Nest application...
[Mon May 20 2019 11:56:22 GMT+0800 (CST)] TypeOrmModule dependencies initialized
[Mon May 20 2019 11:56:22 GMT+0800 (CST)] PassportModule dependencies initialized
[Mon May 20 2019 11:56:22 GMT+0800 (CST)] JwtModule dependencies initialized
[Mon May 20 2019 11:57:33 GMT+0800 (CST)] Starting Nest application...
[Mon May 20 2019 11:57:33 GMT+0800 (CST)] TypeOrmModule dependencies initialized
[Mon May 20 2019 11:57:33 GMT+0800 (CST)] PassportModule dependencies initialized
[Mon May 20 2019 11:57:33 GMT+0800 (CST)] JwtModule dependencies initialized
[Mon May 20 2019 11:58:29 GMT+0800 (CST)] Starting Nest application...
[Mon May 20 2019 11:58:29 GMT+0800 (CST)] TypeOrmModule dependencies initialized
[Mon May 20 2019 11:58:29 GMT+0800 (CST)] PassportModule dependencies initialized
[Mon May 20 2019 11:58:29 GMT+0800 (CST)] JwtModule dependencies initialized
[Mon May 20 2019 11:59:11 GMT+0800 (CST)] Starting Nest application...
[Mon May 20 2019 11:59:12 GMT+0800 (CST)] TypeOrmModule dependencies initialized
[Mon May 20 2019 11:59:12 GMT+0800 (CST)] PassportModule dependencies initialized
[Mon May 20 2019 11:59:12 GMT+0800 (CST)] JwtModule dependencies initialized
[Mon May 20 2019 11:59:12 GMT+0800 (CST)] TypeOrmCoreModule dependencies initialized
[Mon May 20 2019 11:59:12 GMT+0800 (CST)] AuthModule dependencies initialized
[Mon May 20 2019 11:59:12 GMT+0800 (CST)] AppController {/}:
[Mon May 20 2019 11:59:12 GMT+0800 (CST)] Mapped {/, GET} route
[Mon May 20 2019 11:59:12 GMT+0800 (CST)] UsersController {/users}:
[Mon May 20 2019 11:59:12 GMT+0800 (CST)] Mapped {/, GET} route
[Mon May 20 2019 11:59:12 GMT+0800 (CST)] AuthController {/auth}:
[Mon May 20 2019 11:59:12 GMT+0800 (CST)] Mapped {/register, POST} route
[Mon May 20 2019 11:59:12 GMT+0800 (CST)] Mapped {/upload, POST} route
[Mon May 20 2019 11:59:12 GMT+0800 (CST)] Nest application successfully started
[Mon May 20 2019 11:59:12 GMT+0800 (CST)] UsersModule dependencies initialized
[Mon May 20 2019 11:59:12 GMT+0800 (CST)] TypeOrmModule dependencies initialized
[Mon May 20 2019 11:59:12 GMT+0800 (CST)] AppModule dependencies initialized
[Mon May 20 2019 11:59:27 GMT+0800 (CST)] Starting Nest application...
[Mon May 20 2019 11:59:27 GMT+0800 (CST)] TypeOrmModule dependencies initialized
[Mon May 20 2019 11:59:27 GMT+0800 (CST)] PassportModule dependencies initialized
[Mon May 20 2019 11:59:27 GMT+0800 (CST)] JwtModule dependencies initialized
[Mon May 20 2019 11:59:27 GMT+0800 (CST)] TypeOrmCoreModule dependencies initialized
[Mon May 20 2019 11:59:27 GMT+0800 (CST)] TypeOrmModule dependencies initialized
[Mon May 20 2019 11:59:27 GMT+0800 (CST)] UsersModule dependencies initialized
[Mon May 20 2019 11:59:27 GMT+0800 (CST)] AuthModule dependencies initialized
[Mon May 20 2019 11:59:27 GMT+0800 (CST)] AppModule dependencies initialized
[Mon May 20 2019 11:59:27 GMT+0800 (CST)] AppController {/}:
[Mon May 20 2019 11:59:27 GMT+0800 (CST)] Mapped {/, GET} route
[Mon May 20 2019 11:59:27 GMT+0800 (CST)] AuthController {/auth}:
[Mon May 20 2019 11:59:27 GMT+0800 (CST)] Mapped {/register, POST} route
[Mon May 20 2019 11:59:27 GMT+0800 (CST)] Mapped {/upload, POST} route
[Mon May 20 2019 11:59:27 GMT+0800 (CST)] Mapped {/, GET} route
[Mon May 20 2019 11:59:27 GMT+0800 (CST)] Nest application successfully started
[Mon May 20 2019 11:59:27 GMT+0800 (CST)] UsersController {/users}:
[Mon May 20 2019 11:59:36 GMT+0800 (CST)] Starting Nest application...
[Mon May 20 2019 11:59:36 GMT+0800 (CST)] TypeOrmModule dependencies initialized
[Mon May 20 2019 11:59:36 GMT+0800 (CST)] PassportModule dependencies initialized
[Mon May 20 2019 11:59:36 GMT+0800 (CST)] JwtModule dependencies initialized
[Mon May 20 2019 11:59:36 GMT+0800 (CST)] TypeOrmCoreModule dependencies initialized
[Mon May 20 2019 11:59:36 GMT+0800 (CST)] TypeOrmModule dependencies initialized
[Mon May 20 2019 11:59:36 GMT+0800 (CST)] AppModule dependencies initialized
[Mon May 20 2019 11:59:36 GMT+0800 (CST)] UsersModule dependencies initialized
[Mon May 20 2019 11:59:36 GMT+0800 (CST)] AuthModule dependencies initialized
[Mon May 20 2019 11:59:37 GMT+0800 (CST)] AppController {/}:
[Mon May 20 2019 11:59:37 GMT+0800 (CST)] Mapped {/, GET} route
[Mon May 20 2019 11:59:37 GMT+0800 (CST)] UsersController {/users}:
[Mon May 20 2019 11:59:37 GMT+0800 (CST)] Mapped {/, GET} route
[Mon May 20 2019 11:59:37 GMT+0800 (CST)] AuthController {/auth}:
[Mon May 20 2019 11:59:37 GMT+0800 (CST)] Mapped {/register, POST} route
[Mon May 20 2019 11:59:37 GMT+0800 (CST)] Mapped {/upload, POST} route
[Mon May 20 2019 11:59:37 GMT+0800 (CST)] Nest application successfully started
[Mon May 20 2019 11:59:39 GMT+0800 (CST)] Starting Nest application...
[Mon May 20 2019 11:59:39 GMT+0800 (CST)] TypeOrmModule dependencies initialized
[Mon May 20 2019 11:59:39 GMT+0800 (CST)] PassportModule dependencies initialized
[Mon May 20 2019 11:59:39 GMT+0800 (CST)] JwtModule dependencies initialized
[Mon May 20 2019 11:59:39 GMT+0800 (CST)] TypeOrmCoreModule dependencies initialized
[Mon May 20 2019 11:59:39 GMT+0800 (CST)] TypeOrmModule dependencies initialized
[Mon May 20 2019 11:59:39 GMT+0800 (CST)] AppModule dependencies initialized
[Mon May 20 2019 11:59:39 GMT+0800 (CST)] UsersModule dependencies initialized
[Mon May 20 2019 11:59:39 GMT+0800 (CST)] AuthModule dependencies initialized
[Mon May 20 2019 11:59:39 GMT+0800 (CST)] AppController {/}:
[Mon May 20 2019 11:59:39 GMT+0800 (CST)] Mapped {/, GET} route
[Mon May 20 2019 11:59:39 GMT+0800 (CST)] UsersController {/users}:
[Mon May 20 2019 11:59:39 GMT+0800 (CST)] Mapped {/, GET} route
[Mon May 20 2019 11:59:39 GMT+0800 (CST)] Mapped {/register, POST} route
[Mon May 20 2019 11:59:39 GMT+0800 (CST)] AuthController {/auth}:
[Mon May 20 2019 11:59:39 GMT+0800 (CST)] Mapped {/upload, POST} route
[Mon May 20 2019 11:59:39 GMT+0800 (CST)] Nest application successfully started
[Mon May 20 2019 11:59:41 GMT+0800 (CST)] Starting Nest application...
[Mon May 20 2019 11:59:41 GMT+0800 (CST)] TypeOrmModule dependencies initialized
[Mon May 20 2019 11:59:41 GMT+0800 (CST)] PassportModule dependencies initialized
[Mon May 20 2019 11:59:41 GMT+0800 (CST)] JwtModule dependencies initialized
[Mon May 20 2019 11:59:41 GMT+0800 (CST)] TypeOrmCoreModule dependencies initialized
[Mon May 20 2019 11:59:41 GMT+0800 (CST)] TypeOrmModule dependencies initialized
[Mon May 20 2019 11:59:41 GMT+0800 (CST)] AppController {/}:
[Mon May 20 2019 11:59:41 GMT+0800 (CST)] Mapped {/, GET} route
[Mon May 20 2019 11:59:41 GMT+0800 (CST)] AuthModule dependencies initialized
[Mon May 20 2019 11:59:41 GMT+0800 (CST)] Mapped {/, GET} route
[Mon May 20 2019 11:59:41 GMT+0800 (CST)] AuthController {/auth}:
[Mon May 20 2019 11:59:41 GMT+0800 (CST)] UsersModule dependencies initialized
[Mon May 20 2019 11:59:41 GMT+0800 (CST)] Mapped {/upload, POST} route
[Mon May 20 2019 11:59:41 GMT+0800 (CST)] Nest application successfully started
[Mon May 20 2019 11:59:41 GMT+0800 (CST)] Mapped {/register, POST} route
[Mon May 20 2019 11:59:41 GMT+0800 (CST)] AppModule dependencies initialized
[Mon May 20 2019 11:59:41 GMT+0800 (CST)] UsersController {/users}:
[Mon May 20 2019 11:59:50 GMT+0800 (CST)] Starting Nest application...
[Mon May 20 2019 11:59:50 GMT+0800 (CST)] TypeOrmModule dependencies initialized
[Mon May 20 2019 11:59:50 GMT+0800 (CST)] JwtModule dependencies initialized
[Mon May 20 2019 11:59:50 GMT+0800 (CST)] PassportModule dependencies initialized
[Mon May 20 2019 11:59:50 GMT+0800 (CST)] TypeOrmCoreModule dependencies initialized
[Mon May 20 2019 11:59:50 GMT+0800 (CST)] TypeOrmModule dependencies initialized
[Mon May 20 2019 11:59:50 GMT+0800 (CST)] AppController {/}:
[Mon May 20 2019 11:59:50 GMT+0800 (CST)] Mapped {/, GET} route
[Mon May 20 2019 11:59:50 GMT+0800 (CST)] UsersController {/users}:
[Mon May 20 2019 11:59:50 GMT+0800 (CST)] Mapped {/, GET} route
[Mon May 20 2019 11:59:50 GMT+0800 (CST)] AuthController {/auth}:
[Mon May 20 2019 11:59:50 GMT+0800 (CST)] Mapped {/register, POST} route
[Mon May 20 2019 11:59:50 GMT+0800 (CST)] Mapped {/upload, POST} route
[Mon May 20 2019 11:59:50 GMT+0800 (CST)] Nest application successfully started
[Mon May 20 2019 11:59:50 GMT+0800 (CST)] AuthModule dependencies initialized
[Mon May 20 2019 11:59:50 GMT+0800 (CST)] AppModule dependencies initialized
[Mon May 20 2019 11:59:50 GMT+0800 (CST)] UsersModule dependencies initialized
[Mon May 20 2019 11:59:58 GMT+0800 (CST)] Starting Nest application...
[Mon May 20 2019 11:59:58 GMT+0800 (CST)] TypeOrmModule dependencies initialized
[Mon May 20 2019 11:59:58 GMT+0800 (CST)] PassportModule dependencies initialized
[Mon May 20 2019 11:59:58 GMT+0800 (CST)] JwtModule dependencies initialized
[Mon May 20 2019 11:59:58 GMT+0800 (CST)] TypeOrmCoreModule dependencies initialized
[Mon May 20 2019 11:59:58 GMT+0800 (CST)] AppModule dependencies initialized
[Mon May 20 2019 11:59:58 GMT+0800 (CST)] TypeOrmModule dependencies initialized
[Mon May 20 2019 11:59:58 GMT+0800 (CST)] UsersModule dependencies initialized
[Mon May 20 2019 11:59:58 GMT+0800 (CST)] UsersController {/users}:
[Mon May 20 2019 11:59:58 GMT+0800 (CST)] Mapped {/, GET} route
[Mon May 20 2019 11:59:58 GMT+0800 (CST)] AuthController {/auth}:
[Mon May 20 2019 11:59:58 GMT+0800 (CST)] AuthModule dependencies initialized
[Mon May 20 2019 11:59:58 GMT+0800 (CST)] AppController {/}:
[Mon May 20 2019 11:59:58 GMT+0800 (CST)] Mapped {/, GET} route
[Mon May 20 2019 11:59:58 GMT+0800 (CST)] Mapped {/register, POST} route
[Mon May 20 2019 11:59:58 GMT+0800 (CST)] Mapped {/upload, POST} route
[Mon May 20 2019 11:59:58 GMT+0800 (CST)] Nest application successfully started
[Mon May 20 2019 12:00:01 GMT+0800 (CST)] Starting Nest application...
[Mon May 20 2019 12:00:01 GMT+0800 (CST)] TypeOrmModule dependencies initialized
[Mon May 20 2019 12:00:01 GMT+0800 (CST)] PassportModule dependencies initialized
[Mon May 20 2019 12:00:01 GMT+0800 (CST)] JwtModule dependencies initialized
[Mon May 20 2019 12:00:02 GMT+0800 (CST)] Starting Nest application...
[Mon May 20 2019 12:00:02 GMT+0800 (CST)] TypeOrmModule dependencies initialized
[Mon May 20 2019 12:00:02 GMT+0800 (CST)] PassportModule dependencies initialized
[Mon May 20 2019 12:00:02 GMT+0800 (CST)] JwtModule dependencies initialized
[Mon May 20 2019 12:00:02 GMT+0800 (CST)] TypeOrmCoreModule dependencies initialized
[Mon May 20 2019 12:00:02 GMT+0800 (CST)] TypeOrmModule dependencies initialized
[Mon May 20 2019 12:00:02 GMT+0800 (CST)] AppController {/}:
[Mon May 20 2019 12:00:02 GMT+0800 (CST)] Mapped {/, GET} route
[Mon May 20 2019 12:00:02 GMT+0800 (CST)] UsersController {/users}:
[Mon May 20 2019 12:00:02 GMT+0800 (CST)] Mapped {/, GET} route
[Mon May 20 2019 12:00:02 GMT+0800 (CST)] UsersModule dependencies initialized
[Mon May 20 2019 12:00:02 GMT+0800 (CST)] AuthModule dependencies initialized
[Mon May 20 2019 12:00:02 GMT+0800 (CST)] Mapped {/upload, POST} route
[Mon May 20 2019 12:00:02 GMT+0800 (CST)] Nest application successfully started
[Mon May 20 2019 12:00:02 GMT+0800 (CST)] Mapped {/register, POST} route
[Mon May 20 2019 12:00:02 GMT+0800 (CST)] AppModule dependencies initialized
[Mon May 20 2019 12:00:02 GMT+0800 (CST)] AuthController {/auth}:
[Mon May 20 2019 12:00:04 GMT+0800 (CST)] Starting Nest application...
[Mon May 20 2019 12:00:04 GMT+0800 (CST)] TypeOrmModule dependencies initialized
[Mon May 20 2019 12:00:04 GMT+0800 (CST)] PassportModule dependencies initialized
[Mon May 20 2019 12:00:04 GMT+0800 (CST)] JwtModule dependencies initialized
[Mon May 20 2019 12:00:04 GMT+0800 (CST)] TypeOrmCoreModule dependencies initialized
[Mon May 20 2019 12:00:04 GMT+0800 (CST)] AuthModule dependencies initialized
[Mon May 20 2019 12:00:05 GMT+0800 (CST)] AppController {/}:
[Mon May 20 2019 12:00:05 GMT+0800 (CST)] Mapped {/, GET} route
[Mon May 20 2019 12:00:05 GMT+0800 (CST)] UsersController {/users}:
[Mon May 20 2019 12:00:05 GMT+0800 (CST)] Mapped {/, GET} route
[Mon May 20 2019 12:00:05 GMT+0800 (CST)] AuthController {/auth}:
[Mon May 20 2019 12:00:05 GMT+0800 (CST)] Mapped {/register, POST} route
[Mon May 20 2019 12:00:05 GMT+0800 (CST)] Mapped {/upload, POST} route
[Mon May 20 2019 12:00:05 GMT+0800 (CST)] Nest application successfully started
[Mon May 20 2019 12:00:04 GMT+0800 (CST)] TypeOrmModule dependencies initialized
[Mon May 20 2019 12:00:04 GMT+0800 (CST)] UsersModule dependencies initialized
[Mon May 20 2019 12:00:04 GMT+0800 (CST)] AppModule dependencies initialized
[Mon May 20 2019 12:00:10 GMT+0800 (CST)] Starting Nest application...
[Mon May 20 2019 12:00:10 GMT+0800 (CST)] TypeOrmModule dependencies initialized
[Mon May 20 2019 12:00:10 GMT+0800 (CST)] PassportModule dependencies initialized
[Mon May 20 2019 12:00:10 GMT+0800 (CST)] JwtModule dependencies initialized
[Mon May 20 2019 12:00:10 GMT+0800 (CST)] TypeOrmCoreModule dependencies initialized
[Mon May 20 2019 12:00:10 GMT+0800 (CST)] TypeOrmModule dependencies initialized
[Mon May 20 2019 12:00:10 GMT+0800 (CST)] UsersModule dependencies initialized
[Mon May 20 2019 12:00:10 GMT+0800 (CST)] AppModule dependencies initialized
[Mon May 20 2019 12:00:10 GMT+0800 (CST)] AuthModule dependencies initialized
[Mon May 20 2019 12:00:10 GMT+0800 (CST)] Mapped {/, GET} route
[Mon May 20 2019 12:00:10 GMT+0800 (CST)] AppController {/}:
[Mon May 20 2019 12:00:10 GMT+0800 (CST)] UsersController {/users}:
[Mon May 20 2019 12:00:10 GMT+0800 (CST)] Mapped {/, GET} route
[Mon May 20 2019 12:00:10 GMT+0800 (CST)] Mapped {/register, POST} route
[Mon May 20 2019 12:00:10 GMT+0800 (CST)] Mapped {/upload, POST} route
[Mon May 20 2019 12:00:10 GMT+0800 (CST)] AuthController {/auth}:
[Mon May 20 2019 12:00:10 GMT+0800 (CST)] Nest application successfully started
[Mon May 20 2019 12:00:18 GMT+0800 (CST)] Starting Nest application...
[Mon May 20 2019 12:00:18 GMT+0800 (CST)] TypeOrmModule dependencies initialized
[Mon May 20 2019 12:00:18 GMT+0800 (CST)] PassportModule dependencies initialized
[Mon May 20 2019 12:00:18 GMT+0800 (CST)] JwtModule dependencies initialized
[Mon May 20 2019 12:00:50 GMT+0800 (CST)] Starting Nest application...
[Mon May 20 2019 12:00:50 GMT+0800 (CST)] TypeOrmModule dependencies initialized
[Mon May 20 2019 12:00:50 GMT+0800 (CST)] PassportModule dependencies initialized
[Mon May 20 2019 12:00:50 GMT+0800 (CST)] JwtModule dependencies initialized
[Mon May 20 2019 12:00:50 GMT+0800 (CST)] TypeOrmCoreModule dependencies initialized
[Mon May 20 2019 12:00:50 GMT+0800 (CST)] TypeOrmModule dependencies initialized
[Mon May 20 2019 12:00:50 GMT+0800 (CST)] AppController {/}:
[Mon May 20 2019 12:00:50 GMT+0800 (CST)] UsersModule dependencies initialized
[Mon May 20 2019 12:00:50 GMT+0800 (CST)] UsersController {/users}:
[Mon May 20 2019 12:00:50 GMT+0800 (CST)] Mapped {/, GET} route
[Mon May 20 2019 12:00:50 GMT+0800 (CST)] AuthController {/auth}:
[Mon May 20 2019 12:00:50 GMT+0800 (CST)] Mapped {/register, POST} route
[Mon May 20 2019 12:00:50 GMT+0800 (CST)] Mapped {/upload, POST} route
[Mon May 20 2019 12:00:50 GMT+0800 (CST)] Nest application successfully started
[Mon May 20 2019 12:00:50 GMT+0800 (CST)] AuthModule dependencies initialized
[Mon May 20 2019 12:00:50 GMT+0800 (CST)] AppModule dependencies initialized
[Mon May 20 2019 12:00:50 GMT+0800 (CST)] Mapped {/, GET} route
[Mon May 20 2019 12:01:12 GMT+0800 (CST)] Starting Nest application...
[Mon May 20 2019 12:01:12 GMT+0800 (CST)] TypeOrmModule dependencies initialized
[Mon May 20 2019 12:01:12 GMT+0800 (CST)] PassportModule dependencies initialized
[Mon May 20 2019 12:01:12 GMT+0800 (CST)] JwtModule dependencies initialized
[Mon May 20 2019 12:01:12 GMT+0800 (CST)] TypeOrmCoreModule dependencies initialized
[Mon May 20 2019 12:01:12 GMT+0800 (CST)] TypeOrmModule dependencies initialized
[Mon May 20 2019 12:01:13 GMT+0800 (CST)] AppController {/}:
[Mon May 20 2019 12:01:13 GMT+0800 (CST)] Mapped {/, GET} route
[Mon May 20 2019 12:01:13 GMT+0800 (CST)] UsersController {/users}:
[Mon May 20 2019 12:01:13 GMT+0800 (CST)] Mapped {/, GET} route
[Mon May 20 2019 12:01:13 GMT+0800 (CST)] AuthController {/auth}:
[Mon May 20 2019 12:01:13 GMT+0800 (CST)] Mapped {/register, POST} route
[Mon May 20 2019 12:01:13 GMT+0800 (CST)] Mapped {/upload, POST} route
[Mon May 20 2019 12:01:13 GMT+0800 (CST)] Nest application successfully started
[Mon May 20 2019 12:01:12 GMT+0800 (CST)] AuthModule dependencies initialized
[Mon May 20 2019 12:01:12 GMT+0800 (CST)] AppModule dependencies initialized
[Mon May 20 2019 12:01:12 GMT+0800 (CST)] UsersModule dependencies initialized
[Mon May 20 2019 12:01:14 GMT+0800 (CST)] Starting Nest application...
[Mon May 20 2019 12:01:14 GMT+0800 (CST)] TypeOrmModule dependencies initialized
[Mon May 20 2019 12:01:14 GMT+0800 (CST)] PassportModule dependencies initialized
[Mon May 20 2019 12:01:14 GMT+0800 (CST)] JwtModule dependencies initialized
[Mon May 20 2019 12:01:15 GMT+0800 (CST)] Starting Nest application...
[Mon May 20 2019 12:01:15 GMT+0800 (CST)] TypeOrmModule dependencies initialized
[Mon May 20 2019 12:01:15 GMT+0800 (CST)] PassportModule dependencies initialized
[Mon May 20 2019 12:01:15 GMT+0800 (CST)] JwtModule dependencies initialized
[Mon May 20 2019 12:01:15 GMT+0800 (CST)] TypeOrmCoreModule dependencies initialized
[Mon May 20 2019 12:01:15 GMT+0800 (CST)] TypeOrmModule dependencies initialized
[Mon May 20 2019 12:01:15 GMT+0800 (CST)] AppModule dependencies initialized
[Mon May 20 2019 12:01:15 GMT+0800 (CST)] AuthModule dependencies initialized
[Mon May 20 2019 12:01:15 GMT+0800 (CST)] UsersModule dependencies initialized
[Mon May 20 2019 12:01:15 GMT+0800 (CST)] Mapped {/, GET} route
[Mon May 20 2019 12:01:15 GMT+0800 (CST)] Mapped {/, GET} route
[Mon May 20 2019 12:01:15 GMT+0800 (CST)] AuthController {/auth}:
[Mon May 20 2019 12:01:15 GMT+0800 (CST)] AppController {/}:
[Mon May 20 2019 12:01:15 GMT+0800 (CST)] Mapped {/upload, POST} route
[Mon May 20 2019 12:01:15 GMT+0800 (CST)] Nest application successfully started
[Mon May 20 2019 12:01:15 GMT+0800 (CST)] UsersController {/users}:
[Mon May 20 2019 12:01:15 GMT+0800 (CST)] Mapped {/register, POST} route
[Mon May 20 2019 12:38:24 GMT+0800 (CST)] Starting Nest application...
[Mon May 20 2019 12:38:25 GMT+0800 (CST)] TypeOrmModule dependencies initialized
[Mon May 20 2019 12:38:25 GMT+0800 (CST)] PassportModule dependencies initialized
[Mon May 20 2019 12:38:25 GMT+0800 (CST)] JwtModule dependencies initialized
[Mon May 20 2019 12:38:25 GMT+0800 (CST)] TypeOrmCoreModule dependencies initialized
[Mon May 20 2019 12:38:25 GMT+0800 (CST)] AppModule dependencies initialized
[Mon May 20 2019 12:38:25 GMT+0800 (CST)] TypeOrmModule dependencies initialized
[Mon May 20 2019 12:38:25 GMT+0800 (CST)] UsersModule dependencies initialized
[Mon May 20 2019 12:38:25 GMT+0800 (CST)] AuthModule dependencies initialized
[Mon May 20 2019 12:38:51 GMT+0800 (CST)] Starting Nest application...
[Mon May 20 2019 12:38:51 GMT+0800 (CST)] TypeOrmModule dependencies initialized
[Mon May 20 2019 12:38:51 GMT+0800 (CST)] PassportModule dependencies initialized
[Mon May 20 2019 12:38:51 GMT+0800 (CST)] JwtModule dependencies initialized
[Mon May 20 2019 12:38:51 GMT+0800 (CST)] TypeOrmCoreModule dependencies initialized
[Mon May 20 2019 12:38:51 GMT+0800 (CST)] TypeOrmModule dependencies initialized
[Mon May 20 2019 12:38:51 GMT+0800 (CST)] UsersModule dependencies initialized
[Mon May 20 2019 12:38:51 GMT+0800 (CST)] AppModule dependencies initialized
[Mon May 20 2019 12:38:52 GMT+0800 (CST)] AppController {/}:
[Mon May 20 2019 12:38:51 GMT+0800 (CST)] AuthModule dependencies initialized
[Mon May 20 2019 12:38:52 GMT+0800 (CST)] UsersController {/users}:
[Mon May 20 2019 12:38:52 GMT+0800 (CST)] Mapped {/, GET} route
[Mon May 20 2019 12:38:52 GMT+0800 (CST)] AuthController {/auth}:
[Mon May 20 2019 12:38:52 GMT+0800 (CST)] Mapped {/register, POST} route
[Mon May 20 2019 12:38:52 GMT+0800 (CST)] Mapped {/upload, POST} route
[Mon May 20 2019 12:38:52 GMT+0800 (CST)] Nest application successfully started
[Mon May 20 2019 12:38:52 GMT+0800 (CST)] Mapped {/, GET} route
[Mon May 20 2019 12:39:07 GMT+0800 (CST)] Starting Nest application...
[Mon May 20 2019 12:39:07 GMT+0800 (CST)] TypeOrmModule dependencies initialized
[Mon May 20 2019 12:39:07 GMT+0800 (CST)] PassportModule dependencies initialized
[Mon May 20 2019 12:39:07 GMT+0800 (CST)] JwtModule dependencies initialized
[Mon May 20 2019 12:39:07 GMT+0800 (CST)] TypeOrmCoreModule dependencies initialized
[Mon May 20 2019 12:39:07 GMT+0800 (CST)] AuthModule dependencies initialized
[Mon May 20 2019 12:39:08 GMT+0800 (CST)] AppController {/}:
[Mon May 20 2019 12:39:08 GMT+0800 (CST)] Mapped {/, GET} route
[Mon May 20 2019 12:39:08 GMT+0800 (CST)] UsersController {/users}:
[Mon May 20 2019 12:39:08 GMT+0800 (CST)] Mapped {/, GET} route
[Mon May 20 2019 12:39:08 GMT+0800 (CST)] AuthController {/auth}:
[Mon May 20 2019 12:39:08 GMT+0800 (CST)] Mapped {/register, POST} route
[Mon May 20 2019 12:39:08 GMT+0800 (CST)] Mapped {/upload, POST} route
[Mon May 20 2019 12:39:08 GMT+0800 (CST)] Nest application successfully started
[Mon May 20 2019 12:39:07 GMT+0800 (CST)] TypeOrmModule dependencies initialized
[Mon May 20 2019 12:39:07 GMT+0800 (CST)] AppModule dependencies initialized
[Mon May 20 2019 12:39:07 GMT+0800 (CST)] UsersModule dependencies initialized
[Mon May 20 2019 12:42:54 GMT+0800 (CST)] Starting Nest application...
[Mon May 20 2019 12:42:54 GMT+0800 (CST)] TypeOrmModule dependencies initialized
[Mon May 20 2019 12:42:54 GMT+0800 (CST)] PassportModule dependencies initialized
[Mon May 20 2019 12:42:54 GMT+0800 (CST)] JwtModule dependencies initialized
[Mon May 20 2019 12:42:54 GMT+0800 (CST)] TypeOrmCoreModule dependencies initialized
[Mon May 20 2019 12:42:54 GMT+0800 (CST)] TypeOrmModule dependencies initialized
[Mon May 20 2019 12:42:55 GMT+0800 (CST)] AppController {/}:
[Mon May 20 2019 12:42:55 GMT+0800 (CST)] Mapped {/, GET} route
[Mon May 20 2019 12:42:55 GMT+0800 (CST)] UsersController {/users}:
[Mon May 20 2019 12:42:55 GMT+0800 (CST)] Mapped {/, GET} route
[Mon May 20 2019 12:42:55 GMT+0800 (CST)] AuthController {/auth}:
[Mon May 20 2019 12:42:55 GMT+0800 (CST)] Mapped {/register, POST} route
[Mon May 20 2019 12:42:55 GMT+0800 (CST)] Mapped {/upload, POST} route
[Mon May 20 2019 12:42:55 GMT+0800 (CST)] Nest application successfully started
[Mon May 20 2019 12:42:54 GMT+0800 (CST)] AuthModule dependencies initialized
[Mon May 20 2019 12:42:54 GMT+0800 (CST)] AppModule dependencies initialized
[Mon May 20 2019 12:42:54 GMT+0800 (CST)] UsersModule dependencies initialized
[Mon May 20 2019 12:43:27 GMT+0800 (CST)] Starting Nest application...
[Mon May 20 2019 12:43:27 GMT+0800 (CST)] TypeOrmModule dependencies initialized
[Mon May 20 2019 12:43:27 GMT+0800 (CST)] PassportModule dependencies initialized
[Mon May 20 2019 12:43:27 GMT+0800 (CST)] JwtModule dependencies initialized
[Mon May 20 2019 12:43:28 GMT+0800 (CST)] TypeOrmCoreModule dependencies initialized
[Mon May 20 2019 12:43:28 GMT+0800 (CST)] TypeOrmModule dependencies initialized
[Mon May 20 2019 12:43:28 GMT+0800 (CST)] UsersModule dependencies initialized
[Mon May 20 2019 12:43:28 GMT+0800 (CST)] AppModule dependencies initialized
[Mon May 20 2019 12:43:28 GMT+0800 (CST)] Mapped {/, GET} route
[Mon May 20 2019 12:43:28 GMT+0800 (CST)] UsersController {/users}:
[Mon May 20 2019 12:43:28 GMT+0800 (CST)] AuthModule dependencies initialized
[Mon May 20 2019 12:43:28 GMT+0800 (CST)] AppController {/}:
[Mon May 20 2019 12:43:28 GMT+0800 (CST)] Mapped {/upload, POST} route
[Mon May 20 2019 12:43:28 GMT+0800 (CST)] Mapped {/, GET} route
[Mon May 20 2019 12:43:28 GMT+0800 (CST)] Mapped {/register, POST} route
[Mon May 20 2019 12:43:28 GMT+0800 (CST)] AuthController {/auth}:
[Mon May 20 2019 12:43:28 GMT+0800 (CST)] Nest application successfully started
[Mon May 20 2019 12:46:04 GMT+0800 (CST)] Starting Nest application...
[Mon May 20 2019 12:46:04 GMT+0800 (CST)] TypeOrmModule dependencies initialized
[Mon May 20 2019 12:46:04 GMT+0800 (CST)] PassportModule dependencies initialized
[Mon May 20 2019 12:46:04 GMT+0800 (CST)] JwtModule dependencies initialized
[Mon May 20 2019 12:46:04 GMT+0800 (CST)] TypeOrmCoreModule dependencies initialized
[Mon May 20 2019 12:46:04 GMT+0800 (CST)] UsersModule dependencies initialized
[Mon May 20 2019 12:46:05 GMT+0800 (CST)] AppController {/}:
[Mon May 20 2019 12:46:05 GMT+0800 (CST)] Mapped {/, GET} route
[Mon May 20 2019 12:46:05 GMT+0800 (CST)] UsersController {/users}:
[Mon May 20 2019 12:46:05 GMT+0800 (CST)] Mapped {/, GET} route
[Mon May 20 2019 12:46:05 GMT+0800 (CST)] AuthController {/auth}:
[Mon May 20 2019 12:46:05 GMT+0800 (CST)] Mapped {/register, POST} route
[Mon May 20 2019 12:46:05 GMT+0800 (CST)] Mapped {/upload, POST} route
[Mon May 20 2019 12:46:05 GMT+0800 (CST)] Nest application successfully started
[Mon May 20 2019 12:46:04 GMT+0800 (CST)] TypeOrmModule dependencies initialized
[Mon May 20 2019 12:46:04 GMT+0800 (CST)] AppModule dependencies initialized
[Mon May 20 2019 12:46:04 GMT+0800 (CST)] AuthModule dependencies initialized
[Mon May 20 2019 12:46:10 GMT+0800 (CST)] Starting Nest application...
[Mon May 20 2019 12:46:10 GMT+0800 (CST)] TypeOrmModule dependencies initialized
[Mon May 20 2019 12:46:10 GMT+0800 (CST)] JwtModule dependencies initialized
[Mon May 20 2019 12:46:10 GMT+0800 (CST)] PassportModule dependencies initialized
[Mon May 20 2019 12:46:10 GMT+0800 (CST)] TypeOrmCoreModule dependencies initialized
[Mon May 20 2019 12:46:10 GMT+0800 (CST)] TypeOrmModule dependencies initialized
[Mon May 20 2019 12:46:10 GMT+0800 (CST)] AppController {/}:
[Mon May 20 2019 12:46:10 GMT+0800 (CST)] Mapped {/, GET} route
[Mon May 20 2019 12:46:10 GMT+0800 (CST)] UsersController {/users}:
[Mon May 20 2019 12:46:10 GMT+0800 (CST)] Mapped {/, GET} route
[Mon May 20 2019 12:46:10 GMT+0800 (CST)] AuthController {/auth}:
[Mon May 20 2019 12:46:10 GMT+0800 (CST)] Mapped {/register, POST} route
[Mon May 20 2019 12:46:10 GMT+0800 (CST)] Mapped {/upload, POST} route
[Mon May 20 2019 12:46:10 GMT+0800 (CST)] Nest application successfully started
[Mon May 20 2019 12:46:10 GMT+0800 (CST)] AuthModule dependencies initialized
[Mon May 20 2019 12:46:10 GMT+0800 (CST)] AppModule dependencies initialized
[Mon May 20 2019 12:46:10 GMT+0800 (CST)] UsersModule dependencies initialized
[Mon May 20 2019 12:46:16 GMT+0800 (CST)] Starting Nest application...
[Mon May 20 2019 12:46:16 GMT+0800 (CST)] TypeOrmModule dependencies initialized
[Mon May 20 2019 12:46:16 GMT+0800 (CST)] PassportModule dependencies initialized
[Mon May 20 2019 12:46:16 GMT+0800 (CST)] JwtModule dependencies initialized
[Mon May 20 2019 12:46:16 GMT+0800 (CST)] TypeOrmCoreModule dependencies initialized
[Mon May 20 2019 12:46:16 GMT+0800 (CST)] TypeOrmModule dependencies initialized
[Mon May 20 2019 12:46:16 GMT+0800 (CST)] AppModule dependencies initialized
[Mon May 20 2019 12:46:16 GMT+0800 (CST)] UsersModule dependencies initialized
[Mon May 20 2019 12:46:16 GMT+0800 (CST)] AuthModule dependencies initialized
[Mon May 20 2019 12:46:16 GMT+0800 (CST)] UsersController {/users}:
[Mon May 20 2019 12:46:16 GMT+0800 (CST)] Mapped {/, GET} route
[Mon May 20 2019 12:46:16 GMT+0800 (CST)] AuthController {/auth}:
[Mon May 20 2019 12:46:16 GMT+0800 (CST)] Mapped {/register, POST} route
[Mon May 20 2019 12:46:16 GMT+0800 (CST)] Mapped {/upload, POST} route
[Mon May 20 2019 12:46:16 GMT+0800 (CST)] Nest application successfully started
[Mon May 20 2019 12:46:16 GMT+0800 (CST)] Mapped {/, GET} route
[Mon May 20 2019 12:46:16 GMT+0800 (CST)] AppController {/}:
[Mon May 20 2019 12:47:07 GMT+0800 (CST)] Starting Nest application...
[Mon May 20 2019 12:47:07 GMT+0800 (CST)] TypeOrmModule dependencies initialized
[Mon May 20 2019 12:47:07 GMT+0800 (CST)] PassportModule dependencies initialized
[Mon May 20 2019 12:47:07 GMT+0800 (CST)] JwtModule dependencies initialized
[Mon May 20 2019 12:47:07 GMT+0800 (CST)] TypeOrmCoreModule dependencies initialized
[Mon May 20 2019 12:47:07 GMT+0800 (CST)] AppModule dependencies initialized
[Mon May 20 2019 12:47:07 GMT+0800 (CST)] TypeOrmModule dependencies initialized
[Mon May 20 2019 12:47:07 GMT+0800 (CST)] UsersModule dependencies initialized
[Mon May 20 2019 12:47:07 GMT+0800 (CST)] AppController {/}:
[Mon May 20 2019 12:47:07 GMT+0800 (CST)] AuthModule dependencies initialized
[Mon May 20 2019 12:47:07 GMT+0800 (CST)] UsersController {/users}:
[Mon May 20 2019 12:47:07 GMT+0800 (CST)] Mapped {/, GET} route
[Mon May 20 2019 12:47:07 GMT+0800 (CST)] Mapped {/register, POST} route
[Mon May 20 2019 12:47:07 GMT+0800 (CST)] Mapped {/upload, POST} route
[Mon May 20 2019 12:47:07 GMT+0800 (CST)] Nest application successfully started
[Mon May 20 2019 12:47:07 GMT+0800 (CST)] Mapped {/, GET} route
[Mon May 20 2019 12:47:07 GMT+0800 (CST)] AuthController {/auth}:
[Mon May 20 2019 12:47:23 GMT+0800 (CST)] Starting Nest application...
[Mon May 20 2019 12:47:23 GMT+0800 (CST)] TypeOrmModule dependencies initialized
[Mon May 20 2019 12:47:23 GMT+0800 (CST)] PassportModule dependencies initialized
[Mon May 20 2019 12:47:23 GMT+0800 (CST)] JwtModule dependencies initialized
[Mon May 20 2019 12:47:23 GMT+0800 (CST)] TypeOrmCoreModule dependencies initialized
[Mon May 20 2019 12:47:23 GMT+0800 (CST)] AuthModule dependencies initialized
[Mon May 20 2019 12:47:23 GMT+0800 (CST)] AppController {/}:
[Mon May 20 2019 12:47:23 GMT+0800 (CST)] Mapped {/, GET} route
[Mon May 20 2019 12:47:23 GMT+0800 (CST)] UsersController {/users}:
[Mon May 20 2019 12:47:23 GMT+0800 (CST)] Mapped {/, GET} route
[Mon May 20 2019 12:47:23 GMT+0800 (CST)] AuthController {/auth}:
[Mon May 20 2019 12:47:23 GMT+0800 (CST)] Mapped {/register, POST} route
[Mon May 20 2019 12:47:23 GMT+0800 (CST)] Mapped {/upload, POST} route
[Mon May 20 2019 12:47:23 GMT+0800 (CST)] Nest application successfully started
[Mon May 20 2019 12:47:23 GMT+0800 (CST)] TypeOrmModule dependencies initialized
[Mon May 20 2019 12:47:23 GMT+0800 (CST)] AppModule dependencies initialized
[Mon May 20 2019 12:47:23 GMT+0800 (CST)] UsersModule dependencies initialized
[Mon May 20 2019 12:47:55 GMT+0800 (CST)] Starting Nest application...
[Mon May 20 2019 12:47:55 GMT+0800 (CST)] PassportModule dependencies initialized
[Mon May 20 2019 12:47:55 GMT+0800 (CST)] TypeOrmModule dependencies initialized
[Mon May 20 2019 12:47:55 GMT+0800 (CST)] JwtModule dependencies initialized
[Mon May 20 2019 12:47:55 GMT+0800 (CST)] TypeOrmCoreModule dependencies initialized
[Mon May 20 2019 12:47:55 GMT+0800 (CST)] TypeOrmModule dependencies initialized
[Mon May 20 2019 12:47:55 GMT+0800 (CST)] AppModule dependencies initialized
[Mon May 20 2019 12:47:55 GMT+0800 (CST)] UsersModule dependencies initialized
[Mon May 20 2019 12:47:55 GMT+0800 (CST)] AuthModule dependencies initialized
[Mon May 20 2019 12:47:55 GMT+0800 (CST)] AppController {/}:
[Mon May 20 2019 12:47:55 GMT+0800 (CST)] Mapped {/, GET} route
[Mon May 20 2019 12:47:55 GMT+0800 (CST)] UsersController {/users}:
[Mon May 20 2019 12:47:55 GMT+0800 (CST)] Mapped {/, GET} route
[Mon May 20 2019 12:47:55 GMT+0800 (CST)] AuthController {/auth}:
[Mon May 20 2019 12:47:55 GMT+0800 (CST)] Mapped {/register, POST} route
[Mon May 20 2019 12:47:55 GMT+0800 (CST)] Mapped {/upload, POST} route
[Mon May 20 2019 12:47:55 GMT+0800 (CST)] Nest application successfully started
[Mon May 20 2019 12:48:00 GMT+0800 (CST)] Starting Nest application...
[Mon May 20 2019 12:48:00 GMT+0800 (CST)] TypeOrmModule dependencies initialized
[Mon May 20 2019 12:48:00 GMT+0800 (CST)] PassportModule dependencies initialized
[Mon May 20 2019 12:48:00 GMT+0800 (CST)] JwtModule dependencies initialized
[Mon May 20 2019 12:48:00 GMT+0800 (CST)] TypeOrmCoreModule dependencies initialized
[Mon May 20 2019 12:48:00 GMT+0800 (CST)] AuthModule dependencies initialized
[Mon May 20 2019 12:48:01 GMT+0800 (CST)] AppController {/}:
[Mon May 20 2019 12:48:01 GMT+0800 (CST)] Mapped {/, GET} route
[Mon May 20 2019 12:48:00 GMT+0800 (CST)] TypeOrmModule dependencies initialized
[Mon May 20 2019 12:48:01 GMT+0800 (CST)] Mapped {/, GET} route
[Mon May 20 2019 12:48:01 GMT+0800 (CST)] AuthController {/auth}:
[Mon May 20 2019 12:48:01 GMT+0800 (CST)] Mapped {/register, POST} route
[Mon May 20 2019 12:48:00 GMT+0800 (CST)] AppModule dependencies initialized
[Mon May 20 2019 12:48:01 GMT+0800 (CST)] Nest application successfully started
[Mon May 20 2019 12:48:00 GMT+0800 (CST)] UsersModule dependencies initialized
[Mon May 20 2019 12:48:01 GMT+0800 (CST)] UsersController {/users}:
[Mon May 20 2019 12:48:01 GMT+0800 (CST)] Mapped {/upload, POST} route
